<?xml version="1.0" encoding="UTF-8"?>
<!-- Generated by org.testng.reporters.JUnitReportReporter -->
<testsuite skipped="0" hostname="D-113064577" name="Javapackage.Scenario1" tests="4" failures="0" timestamp="16 Feb 2018 10:44:44 GMT" time="82.642" errors="0">
  <testcase name="Login" time="26.463" classname="Javapackage.Scenario1"/>
  <testcase name="Review" time="11.681" classname="Javapackage.Scenario1"/>
  <testcase name="Wishlist" time="32.588" classname="Javapackage.Scenario1"/>
  <testcase name="Review" time="11.910" classname="Javapackage.Scenario1"/>
</testsuite> <!-- Javapackage.Scenario1 -->
