<?xml version="1.0" encoding="UTF-8"?>
<!-- Generated by org.testng.reporters.JUnitReportReporter -->
<testsuite skipped="0" hostname="D-113064577" name="Javapackage.Scenario1" tests="4" failures="1" timestamp="08 Feb 2018 07:22:37 GMT" time="87.590" errors="0">
  <testcase name="Login" time="26.132" classname="Javapackage.Scenario1"/>
  <testcase name="Review" time="21.250" classname="Javapackage.Scenario1"/>
  <testcase name="Review" time="7.673" classname="Javapackage.Scenario1"/>
  <testcase name="Wishlist" time="32.535" classname="Javapackage.Scenario1">
    <failure type="junit.framework.ComparisonFailure" message="expected:&lt;Account Logout[]&gt; but was:&lt;Account Logout[1]&gt;">
      <![CDATA[junit.framework.ComparisonFailure: expected:<Account Logout[]> but was:<Account Logout[1]>at junit.framework.Assert.assertEquals(Assert.java:100)at junit.framework.Assert.assertEquals(Assert.java:107)at Javapackage.Scenario1.Wishlist(Scenario1.java:278)at sun.reflect.NativeMethodAccessorImpl.invoke0(Native Method)at sun.reflect.NativeMethodAccessorImpl.invoke(NativeMethodAccessorImpl.java:62)at sun.reflect.DelegatingMethodAccessorImpl.invoke(DelegatingMethodAccessorImpl.java:43)at java.lang.reflect.Method.invoke(Method.java:498)at org.testng.internal.MethodInvocationHelper.invokeMethod(MethodInvocationHelper.java:124)at org.testng.internal.Invoker.invokeMethod(Invoker.java:571)at org.testng.internal.Invoker.invokeTestMethod(Invoker.java:707)at org.testng.internal.Invoker.invokeTestMethods(Invoker.java:979)at org.testng.internal.TestMethodWorker.invokeTestMethods(TestMethodWorker.java:125)at org.testng.internal.TestMethodWorker.run(TestMethodWorker.java:109)at org.testng.TestRunner.privateRun(TestRunner.java:648)at org.testng.TestRunner.run(TestRunner.java:505)at org.testng.SuiteRunner.runTest(SuiteRunner.java:455)at org.testng.SuiteRunner.runSequentially(SuiteRunner.java:450)at org.testng.SuiteRunner.privateRun(SuiteRunner.java:415)at org.testng.SuiteRunner.run(SuiteRunner.java:364)at org.testng.SuiteRunnerWorker.runSuite(SuiteRunnerWorker.java:52)at org.testng.SuiteRunnerWorker.run(SuiteRunnerWorker.java:84)at org.testng.TestNG.runSuitesSequentially(TestNG.java:1187)at org.testng.TestNG.runSuitesLocally(TestNG.java:1116)at org.testng.TestNG.runSuites(TestNG.java:1028)at org.testng.TestNG.run(TestNG.java:996)at org.testng.remote.AbstractRemoteTestNG.run(AbstractRemoteTestNG.java:114)at org.testng.remote.RemoteTestNG.initAndRun(RemoteTestNG.java:251)at org.testng.remote.RemoteTestNG.main(RemoteTestNG.java:77)]]>
    </failure>
  </testcase> <!-- Wishlist -->
</testsuite> <!-- Javapackage.Scenario1 -->
