<?xml version="1.0" encoding="UTF-8"?>
<!-- Generated by org.testng.reporters.JUnitReportReporter -->
<testsuite skipped="0" hostname="D-113064577" name="Javapackage.Scenario3" tests="2" failures="0" timestamp="22 Feb 2018 10:09:22 GMT" time="98.644" errors="0">
  <testcase name="aLogin" time="7.777" classname="Javapackage.Scenario3"/>
  <testcase name="bApple" time="90.867" classname="Javapackage.Scenario3"/>
</testsuite> <!-- Javapackage.Scenario3 -->
