<?xml version="1.0" encoding="UTF-8"?>
<!-- Generated by org.testng.reporters.JUnitReportReporter -->
<testsuite skipped="0" hostname="D-113064577" name="Javapackage.Scenario2" tests="1" failures="0" timestamp="16 Feb 2018 10:44:44 GMT" time="63.569" errors="0">
  <testcase name="Login" time="63.569" classname="Javapackage.Scenario2"/>
</testsuite> <!-- Javapackage.Scenario2 -->
