<?xml version="1.0" encoding="UTF-8"?>
<!-- Generated by org.testng.reporters.JUnitReportReporter -->
<testsuite skipped="0" hostname="D-113064577" name="Javapackage.Scenario1" tests="4" failures="0" timestamp="22 Feb 2018 10:09:22 GMT" time="85.912" errors="0">
  <testcase name="Review" time="11.878" classname="Javapackage.Scenario1"/>
  <testcase name="Wishlist" time="33.357" classname="Javapackage.Scenario1"/>
  <testcase name="Review" time="11.950" classname="Javapackage.Scenario1"/>
  <testcase name="Login" time="28.727" classname="Javapackage.Scenario1"/>
</testsuite> <!-- Javapackage.Scenario1 -->
