<?xml version="1.0" encoding="UTF-8"?>
<!-- Generated by org.testng.reporters.JUnitReportReporter -->
<testsuite skipped="0" hostname="D-113064577" name="Javapackage.Scenario1" tests="4" failures="0" timestamp="23 Feb 2018 05:06:19 GMT" time="87.629" errors="0">
  <testcase name="Review" time="11.683" classname="Javapackage.Scenario1"/>
  <testcase name="Wishlist" time="33.679" classname="Javapackage.Scenario1"/>
  <testcase name="Review" time="11.723" classname="Javapackage.Scenario1"/>
  <testcase name="Login" time="30.544" classname="Javapackage.Scenario1"/>
</testsuite> <!-- Javapackage.Scenario1 -->
