<?xml version="1.0" encoding="UTF-8"?>
<!-- Generated by org.testng.reporters.JUnitReportReporter -->
<testsuite skipped="0" hostname="D-113064577" name="Javapackage.Scenario4" tests="1" failures="0" timestamp="16 Feb 2018 10:44:44 GMT" time="92.100" errors="0">
  <testcase name="scenario4" time="92.100" classname="Javapackage.Scenario4"/>
</testsuite> <!-- Javapackage.Scenario4 -->
