<?xml version="1.0" encoding="UTF-8"?>
<!-- Generated by org.testng.reporters.JUnitReportReporter -->
<testsuite skipped="0" hostname="D-113064577" name="Javapackage.Scenario3" tests="2" failures="0" timestamp="19 Feb 2018 09:26:37 GMT" time="93.171" errors="0">
  <testcase name="bApple" time="87.273" classname="Javapackage.Scenario3"/>
  <testcase name="aLogin" time="5.898" classname="Javapackage.Scenario3"/>
</testsuite> <!-- Javapackage.Scenario3 -->
