<?xml version="1.0" encoding="UTF-8"?>
<!-- Generated by org.testng.reporters.JUnitReportReporter -->
<testsuite skipped="0" hostname="D-113064577" name="Javapackage.Scenario1" tests="4" failures="0" timestamp="19 Feb 2018 09:26:37 GMT" time="84.007" errors="0">
  <testcase name="Review" time="12.026" classname="Javapackage.Scenario1"/>
  <testcase name="Wishlist" time="32.946" classname="Javapackage.Scenario1"/>
  <testcase name="Review" time="11.799" classname="Javapackage.Scenario1"/>
  <testcase name="Login" time="27.236" classname="Javapackage.Scenario1"/>
</testsuite> <!-- Javapackage.Scenario1 -->
