<?xml version="1.0" encoding="UTF-8"?>
<!-- Generated by org.testng.reporters.JUnitReportReporter -->
<testsuite skipped="0" hostname="D-113064577" name="Javapackage.ExtendReportsClass" tests="1" failures="0" timestamp="08 Feb 2018 05:14:43 GMT" time="0.012" errors="0">
  <testcase name="test" time="0.012" classname="Javapackage.ExtendReportsClass"/>
</testsuite> <!-- Javapackage.ExtendReportsClass -->
