<?xml version="1.0" encoding="UTF-8"?>
<!-- Generated by org.testng.reporters.JUnitReportReporter -->
<testsuite skipped="0" hostname="D-113064577" name="Javapackage.Scenario2" tests="1" failures="0" timestamp="08 Feb 2018 07:07:30 GMT" time="71.298" errors="0">
  <testcase name="Login" time="71.298" classname="Javapackage.Scenario2"/>
</testsuite> <!-- Javapackage.Scenario2 -->
