<?xml version="1.0" encoding="UTF-8"?>
<!-- Generated by org.testng.reporters.JUnitReportReporter -->
<testsuite skipped="0" hostname="D-113064577" name="Javapackage.Scenario3" tests="2" failures="0" timestamp="23 Feb 2018 05:06:19 GMT" time="94.639" errors="0">
  <testcase name="bApple" time="89.569" classname="Javapackage.Scenario3"/>
  <testcase name="aLogin" time="5.070" classname="Javapackage.Scenario3"/>
</testsuite> <!-- Javapackage.Scenario3 -->
