<?xml version="1.0" encoding="UTF-8"?>
<!-- Generated by org.testng.reporters.JUnitReportReporter -->
<testsuite skipped="0" hostname="D-113064577" name="Javapackage.Scenario2" tests="1" failures="0" timestamp="19 Feb 2018 09:26:37 GMT" time="60.019" errors="0">
  <testcase name="Login" time="60.019" classname="Javapackage.Scenario2"/>
</testsuite> <!-- Javapackage.Scenario2 -->
